# JRE version: Java(TM) SE Runtime Environment (8.0_112-b15) (build 1.8.0_112-b15)
# Java VM: Java HotSpot(TM) Client VM (25.112-b15 mixed mode windows-x86 )
Heap:
 def new generation   total 24384K, used 18737K [0x04800000, 0x06270000, 0x09d50000)
  eden space 21696K,  86% used [0x04800000, 0x05a4c528, 0x05d30000)
  from space 2688K,   0% used [0x05d30000, 0x05d30000, 0x05fd0000)
  to   space 2688K,   0% used [0x05fd0000, 0x05fd0000, 0x06270000)
 tenured generation   total 54048K, used 32427K [0x09d50000, 0x0d218000, 0x14800000)
   the space 54048K,  59% used [0x09d50000, 0x0bcface0, 0x0bcfae00, 0x0d218000)
 Metaspace       used 5376K, capacity 5542K, committed 5632K, reserved 6528K
GC Heap History (10 events):
Event: 22.094 GC heap before
{Heap before GC invocations=15 (full 2):
 def new generation   total 15168K, used 15168K [0x04800000, 0x05870000, 0x09d50000)
  eden space 13504K, 100% used [0x04800000, 0x05530000, 0x05530000)
  from space 1664K, 100% used [0x056d0000, 0x05870000, 0x05870000)
  to   space 1664K,   0% used [0x05530000, 0x05530000, 0x056d0000)
 tenured generation   total 33600K, used 31888K [0x09d50000, 0x0be20000, 0x14800000)
   the space 33600K,  94% used [0x09d50000, 0x0bc74118, 0x0bc74200, 0x0be20000)
 Metaspace       used 5359K, capacity 5542K, committed 5632K, reserved 6528K
Event: 22.149 GC heap after
Heap after GC invocations=16 (full 3):
 def new generation   total 19008K, used 0K [0x04800000, 0x05ca0000, 0x09d50000)
  eden space 16896K,   0% used [0x04800000, 0x04800000, 0x05880000)
  from space 2112K,   0% used [0x05880000, 0x05880000, 0x05a90000)
  to   space 2112K,   0% used [0x05a90000, 0x05a90000, 0x05ca0000)
 tenured generation   total 42084K, used 25250K [0x09d50000, 0x0c669000, 0x14800000)
   the space 42084K,  59% used [0x09d50000, 0x0b5f88b0, 0x0b5f8a00, 0x0c669000)
 Metaspace       used 5359K, capacity 5542K, committed 5632K, reserved 6528K
}
Event: 26.225 GC heap before
{Heap before GC invocations=16 (full 3):
 def new generation   total 19008K, used 16896K [0x04800000, 0x05ca0000, 0x09d50000)
  eden space 16896K, 100% used [0x04800000, 0x05880000, 0x05880000)
  from space 2112K,   0% used [0x05880000, 0x05880000, 0x05a90000)
  to   space 2112K,   0% used [0x05a90000, 0x05a90000, 0x05ca0000)
 tenured generation   total 42084K, used 25250K [0x09d50000, 0x0c669000, 0x14800000)
   the space 42084K,  59% used [0x09d50000, 0x0b5f88b0, 0x0b5f8a00, 0x0c669000)
 Metaspace       used 5359K, capacity 5542K, committed 5632K, reserved 6528K
Event: 26.237 GC heap after
Heap after GC invocations=17 (full 3):
 def new generation   total 19008K, used 2112K [0x04800000, 0x05ca0000, 0x09d50000)
  eden space 16896K,   0% used [0x04800000, 0x04800000, 0x05880000)
  from space 2112K, 100% used [0x05a90000, 0x05ca0000, 0x05ca0000)
  to   space 2112K,   0% used [0x05880000, 0x05880000, 0x05a90000)
 tenured generation   total 42084K, used 27889K [0x09d50000, 0x0c669000, 0x14800000)
   the space 42084K,  66% used [0x09d50000, 0x0b88c410, 0x0b88c600, 0x0c669000)
 Metaspace       used 5359K, capacity 5542K, committed 5632K, reserved 6528K
}
Event: 29.653 GC heap before
{Heap before GC invocations=17 (full 3):
 def new generation   total 19008K, used 19008K [0x04800000, 0x05ca0000, 0x09d50000)
  eden space 16896K, 100% used [0x04800000, 0x05880000, 0x05880000)
  from space 2112K, 100% used [0x05a90000, 0x05ca0000, 0x05ca0000)
  to   space 2112K,   0% used [0x05880000, 0x05880000, 0x05a90000)
 tenured generation   total 42084K, used 27889K [0x09d50000, 0x0c669000, 0x14800000)
   the space 42084K,  66% used [0x09d50000, 0x0b88c410, 0x0b88c600, 0x0c669000)
 Metaspace       used 5359K, capacity 5542K, committed 5632K, reserved 6528K
Event: 29.665 GC heap after
Heap after GC invocations=18 (full 3):
 def new generation   total 19008K, used 2112K [0x04800000, 0x05ca0000, 0x09d50000)
  eden space 16896K,   0% used [0x04800000, 0x04800000, 0x05880000)
  from space 2112K, 100% used [0x05880000, 0x05a90000, 0x05a90000)
  to   space 2112K,   0% used [0x05a90000, 0x05a90000, 0x05ca0000)
 tenured generation   total 42084K, used 33385K [0x09d50000, 0x0c669000, 0x14800000)
   the space 42084K,  79% used [0x09d50000, 0x0bdea478, 0x0bdea600, 0x0c669000)
 Metaspace       used 5359K, capacity 5542K, committed 5632K, reserved 6528K
}
Event: 32.865 GC heap before
{Heap before GC invocations=18 (full 3):
 def new generation   total 19008K, used 19008K [0x04800000, 0x05ca0000, 0x09d50000)
  eden space 16896K, 100% used [0x04800000, 0x05880000, 0x05880000)
  from space 2112K, 100% used [0x05880000, 0x05a90000, 0x05a90000)
  to   space 2112K,   0% used [0x05a90000, 0x05a90000, 0x05ca0000)
 tenured generation   total 42084K, used 33385K [0x09d50000, 0x0c669000, 0x14800000)
   the space 42084K,  79% used [0x09d50000, 0x0bdea478, 0x0bdea600, 0x0c669000)
 Metaspace       used 5367K, capacity 5542K, committed 5632K, reserved 6528K
Event: 32.878 GC heap after
Heap after GC invocations=19 (full 3):
 def new generation   total 19008K, used 2112K [0x04800000, 0x05ca0000, 0x09d50000)
  eden space 16896K,   0% used [0x04800000, 0x04800000, 0x05880000)
  from space 2112K, 100% used [0x05a90000, 0x05ca0000, 0x05ca0000)
  to   space 2112K,   0% used [0x05880000, 0x05880000, 0x05a90000)
 tenured generation   total 42084K, used 38846K [0x09d50000, 0x0c669000, 0x14800000)
   the space 42084K,  92% used [0x09d50000, 0x0c33fb40, 0x0c33fc00, 0x0c669000)
 Metaspace       used 5367K, capacity 5542K, committed 5632K, reserved 6528K
}
Event: 35.998 GC heap before
{Heap before GC invocations=19 (full 3):
 def new generation   total 19008K, used 19008K [0x04800000, 0x05ca0000, 0x09d50000)
  eden space 16896K, 100% used [0x04800000, 0x05880000, 0x05880000)
  from space 2112K, 100% used [0x05a90000, 0x05ca0000, 0x05ca0000)
  to   space 2112K,   0% used [0x05880000, 0x05880000, 0x05a90000)
 tenured generation   total 42084K, used 38846K [0x09d50000, 0x0c669000, 0x14800000)
   the space 42084K,  92% used [0x09d50000, 0x0c33fb40, 0x0c33fc00, 0x0c669000)
 Metaspace       used 5367K, capacity 5542K, committed 5632K, reserved 6528K
Event: 36.073 GC heap after
Heap after GC invocations=20 (full 4):
 def new generation   total 24384K, used 0K [0x04800000, 0x06270000, 0x09d50000)
  eden space 21696K,   0% used [0x04800000, 0x04800000, 0x05d30000)
  from space 2688K,   0% used [0x05d30000, 0x05d30000, 0x05fd0000)
  to   space 2688K,   0% used [0x05fd0000, 0x05fd0000, 0x06270000)
 tenured generation   total 54048K, used 32427K [0x09d50000, 0x0d218000, 0x14800000)
   the space 54048K,  59% used [0x09d50000, 0x0bcface0, 0x0bcfae00, 0x0d218000)
 Metaspace       used 5367K, capacity 5542K, committed 5632K, reserved 6528K
}

