# JRE version: Java(TM) SE Runtime Environment (8.0_112-b15) (build 1.8.0_112-b15)
# Java VM: Java HotSpot(TM) Client VM (25.112-b15 mixed mode, sharing windows-x86 )
Heap:
 def new generation   total 19968K, used 9031K [0x04800000, 0x05da0000, 0x09d50000)
  eden space 17792K,  50% used [0x04800000, 0x050d1e90, 0x05960000)
  from space 2176K,   0% used [0x05960000, 0x05960000, 0x05b80000)
  to   space 2176K,   0% used [0x05b80000, 0x05b80000, 0x05da0000)
 tenured generation   total 44236K, used 26539K [0x09d50000, 0x0c883000, 0x14800000)
   the space 44236K,  59% used [0x09d50000, 0x0b73ad28, 0x0b73ae00, 0x0c883000)
 Metaspace       used 418K, capacity 2526K, committed 2624K, reserved 4480K
GC Heap History (10 events):
Event: 11.355 GC heap before
{Heap before GC invocations=11 (full 1):
 def new generation   total 8640K, used 8640K [0x04800000, 0x05160000, 0x09d50000)
  eden space 7680K, 100% used [0x04800000, 0x04f80000, 0x04f80000)
  from space 960K, 100% used [0x05070000, 0x05160000, 0x05160000)
  to   space 960K,   0% used [0x04f80000, 0x04f80000, 0x05070000)
 tenured generation   total 19096K, used 18718K [0x09d50000, 0x0aff6000, 0x14800000)
   the space 19096K,  98% used [0x09d50000, 0x0af97b80, 0x0af97c00, 0x0aff6000)
 Metaspace       used 414K, capacity 2539K, committed 2624K, reserved 4480K
Event: 11.396 GC heap after
Heap after GC invocations=12 (full 2):
 def new generation   total 16064K, used 0K [0x04800000, 0x05960000, 0x09d50000)
  eden space 14336K,   0% used [0x04800000, 0x04800000, 0x05600000)
  from space 1728K,   0% used [0x05600000, 0x05600000, 0x057b0000)
  to   space 1728K,   0% used [0x057b0000, 0x057b0000, 0x05960000)
 tenured generation   total 35468K, used 21280K [0x09d50000, 0x0bff3000, 0x14800000)
   the space 35468K,  59% used [0x09d50000, 0x0b2181e8, 0x0b218200, 0x0bff3000)
 Metaspace       used 409K, capacity 2526K, committed 2624K, reserved 4480K
}
Event: 13.836 GC heap before
{Heap before GC invocations=12 (full 2):
 def new generation   total 16064K, used 14336K [0x04800000, 0x05960000, 0x09d50000)
  eden space 14336K, 100% used [0x04800000, 0x05600000, 0x05600000)
  from space 1728K,   0% used [0x05600000, 0x05600000, 0x057b0000)
  to   space 1728K,   0% used [0x057b0000, 0x057b0000, 0x05960000)
 tenured generation   total 35468K, used 21280K [0x09d50000, 0x0bff3000, 0x14800000)
   the space 35468K,  59% used [0x09d50000, 0x0b2181e8, 0x0b218200, 0x0bff3000)
 Metaspace       used 411K, capacity 2526K, committed 2624K, reserved 4480K
Event: 13.848 GC heap after
Heap after GC invocations=13 (full 2):
 def new generation   total 16064K, used 1728K [0x04800000, 0x05960000, 0x09d50000)
  eden space 14336K,   0% used [0x04800000, 0x04800000, 0x05600000)
  from space 1728K, 100% used [0x057b0000, 0x05960000, 0x05960000)
  to   space 1728K,   0% used [0x05600000, 0x05600000, 0x057b0000)
 tenured generation   total 35468K, used 24374K [0x09d50000, 0x0bff3000, 0x14800000)
   the space 35468K,  68% used [0x09d50000, 0x0b51dae8, 0x0b51dc00, 0x0bff3000)
 Metaspace       used 411K, capacity 2526K, committed 2624K, reserved 4480K
}
Event: 16.049 GC heap before
{Heap before GC invocations=13 (full 2):
 def new generation   total 16064K, used 16064K [0x04800000, 0x05960000, 0x09d50000)
  eden space 14336K, 100% used [0x04800000, 0x05600000, 0x05600000)
  from space 1728K, 100% used [0x057b0000, 0x05960000, 0x05960000)
  to   space 1728K,   0% used [0x05600000, 0x05600000, 0x057b0000)
 tenured generation   total 35468K, used 24374K [0x09d50000, 0x0bff3000, 0x14800000)
   the space 35468K,  68% used [0x09d50000, 0x0b51dae8, 0x0b51dc00, 0x0bff3000)
 Metaspace       used 414K, capacity 2526K, committed 2624K, reserved 4480K
Event: 16.062 GC heap after
Heap after GC invocations=14 (full 2):
 def new generation   total 16064K, used 1728K [0x04800000, 0x05960000, 0x09d50000)
  eden space 14336K,   0% used [0x04800000, 0x04800000, 0x05600000)
  from space 1728K, 100% used [0x05600000, 0x057b0000, 0x057b0000)
  to   space 1728K,   0% used [0x057b0000, 0x057b0000, 0x05960000)
 tenured generation   total 35468K, used 29184K [0x09d50000, 0x0bff3000, 0x14800000)
   the space 35468K,  82% used [0x09d50000, 0x0b9d02e0, 0x0b9d0400, 0x0bff3000)
 Metaspace       used 414K, capacity 2526K, committed 2624K, reserved 4480K
}
Event: 18.979 GC heap before
{Heap before GC invocations=14 (full 2):
 def new generation   total 16064K, used 16064K [0x04800000, 0x05960000, 0x09d50000)
  eden space 14336K, 100% used [0x04800000, 0x05600000, 0x05600000)
  from space 1728K, 100% used [0x05600000, 0x057b0000, 0x057b0000)
  to   space 1728K,   0% used [0x057b0000, 0x057b0000, 0x05960000)
 tenured generation   total 35468K, used 29184K [0x09d50000, 0x0bff3000, 0x14800000)
   the space 35468K,  82% used [0x09d50000, 0x0b9d02e0, 0x0b9d0400, 0x0bff3000)
 Metaspace       used 414K, capacity 2526K, committed 2624K, reserved 4480K
Event: 18.991 GC heap after
Heap after GC invocations=15 (full 2):
 def new generation   total 16064K, used 1728K [0x04800000, 0x05960000, 0x09d50000)
  eden space 14336K,   0% used [0x04800000, 0x04800000, 0x05600000)
  from space 1728K, 100% used [0x057b0000, 0x05960000, 0x05960000)
  to   space 1728K,   0% used [0x05600000, 0x05600000, 0x057b0000)
 tenured generation   total 35468K, used 33884K [0x09d50000, 0x0bff3000, 0x14800000)
   the space 35468K,  95% used [0x09d50000, 0x0be671e8, 0x0be67200, 0x0bff3000)
 Metaspace       used 414K, capacity 2526K, committed 2624K, reserved 4480K
}
Event: 21.901 GC heap before
{Heap before GC invocations=15 (full 2):
 def new generation   total 16064K, used 16064K [0x04800000, 0x05960000, 0x09d50000)
  eden space 14336K, 100% used [0x04800000, 0x05600000, 0x05600000)
  from space 1728K, 100% used [0x057b0000, 0x05960000, 0x05960000)
  to   space 1728K,   0% used [0x05600000, 0x05600000, 0x057b0000)
 tenured generation   total 35468K, used 33884K [0x09d50000, 0x0bff3000, 0x14800000)
   the space 35468K,  95% used [0x09d50000, 0x0be671e8, 0x0be67200, 0x0bff3000)
 Metaspace       used 414K, capacity 2526K, committed 2624K, reserved 4480K
Event: 21.960 GC heap after
Heap after GC invocations=16 (full 3):
 def new generation   total 19968K, used 0K [0x04800000, 0x05da0000, 0x09d50000)
  eden space 17792K,   0% used [0x04800000, 0x04800000, 0x05960000)
  from space 2176K,   0% used [0x05960000, 0x05960000, 0x05b80000)
  to   space 2176K,   0% used [0x05b80000, 0x05b80000, 0x05da0000)
 tenured generation   total 44236K, used 26539K [0x09d50000, 0x0c883000, 0x14800000)
   the space 44236K,  59% used [0x09d50000, 0x0b73ad28, 0x0b73ae00, 0x0c883000)
 Metaspace       used 414K, capacity 2526K, committed 2624K, reserved 4480K
}

