# JRE version: Java(TM) SE Runtime Environment (8.0_112-b15) (build 1.8.0_112-b15)
# Java VM: Java HotSpot(TM) Client VM (25.112-b15 mixed mode windows-x86 )
Heap:
 def new generation   total 24832K, used 12755K [0x04800000, 0x062f0000, 0x09d50000)
  eden space 22080K,  57% used [0x04800000, 0x05474c20, 0x05d90000)
  from space 2752K,   0% used [0x05d90000, 0x05d90000, 0x06040000)
  to   space 2752K,   0% used [0x06040000, 0x06040000, 0x062f0000)
 tenured generation   total 55136K, used 33081K [0x09d50000, 0x0d328000, 0x14800000)
   the space 55136K,  59% used [0x09d50000, 0x0bd9e5b0, 0x0bd9e600, 0x0d328000)
 Metaspace       used 5369K, capacity 5542K, committed 5632K, reserved 6528K
GC Heap History (10 events):
Event: 23.087 GC heap before
{Heap before GC invocations=15 (full 2):
 def new generation   total 15360K, used 15360K [0x04800000, 0x058a0000, 0x09d50000)
  eden space 13696K, 100% used [0x04800000, 0x05560000, 0x05560000)
  from space 1664K, 100% used [0x05700000, 0x058a0000, 0x058a0000)
  to   space 1664K,   0% used [0x05560000, 0x05560000, 0x05700000)
 tenured generation   total 33960K, used 32168K [0x09d50000, 0x0be7a000, 0x14800000)
   the space 33960K,  94% used [0x09d50000, 0x0bcba2f0, 0x0bcba400, 0x0be7a000)
 Metaspace       used 5360K, capacity 5542K, committed 5632K, reserved 6528K
Event: 23.143 GC heap after
Heap after GC invocations=16 (full 3):
 def new generation   total 19392K, used 0K [0x04800000, 0x05d00000, 0x09d50000)
  eden space 17280K,   0% used [0x04800000, 0x04800000, 0x058e0000)
  from space 2112K,   0% used [0x058e0000, 0x058e0000, 0x05af0000)
  to   space 2112K,   0% used [0x05af0000, 0x05af0000, 0x05d00000)
 tenured generation   total 42940K, used 25763K [0x09d50000, 0x0c73f000, 0x14800000)
   the space 42940K,  59% used [0x09d50000, 0x0b678f40, 0x0b679000, 0x0c73f000)
 Metaspace       used 5360K, capacity 5542K, committed 5632K, reserved 6528K
}
Event: 27.045 GC heap before
{Heap before GC invocations=16 (full 3):
 def new generation   total 19392K, used 17280K [0x04800000, 0x05d00000, 0x09d50000)
  eden space 17280K, 100% used [0x04800000, 0x058e0000, 0x058e0000)
  from space 2112K,   0% used [0x058e0000, 0x058e0000, 0x05af0000)
  to   space 2112K,   0% used [0x05af0000, 0x05af0000, 0x05d00000)
 tenured generation   total 42940K, used 25763K [0x09d50000, 0x0c73f000, 0x14800000)
   the space 42940K,  59% used [0x09d50000, 0x0b678f40, 0x0b679000, 0x0c73f000)
 Metaspace       used 5360K, capacity 5542K, committed 5632K, reserved 6528K
Event: 27.056 GC heap after
Heap after GC invocations=17 (full 3):
 def new generation   total 19392K, used 2112K [0x04800000, 0x05d00000, 0x09d50000)
  eden space 17280K,   0% used [0x04800000, 0x04800000, 0x058e0000)
  from space 2112K, 100% used [0x05af0000, 0x05d00000, 0x05d00000)
  to   space 2112K,   0% used [0x058e0000, 0x058e0000, 0x05af0000)
 tenured generation   total 42940K, used 28506K [0x09d50000, 0x0c73f000, 0x14800000)
   the space 42940K,  66% used [0x09d50000, 0x0b926b48, 0x0b926c00, 0x0c73f000)
 Metaspace       used 5360K, capacity 5542K, committed 5632K, reserved 6528K
}
Event: 30.448 GC heap before
{Heap before GC invocations=17 (full 3):
 def new generation   total 19392K, used 19392K [0x04800000, 0x05d00000, 0x09d50000)
  eden space 17280K, 100% used [0x04800000, 0x058e0000, 0x058e0000)
  from space 2112K, 100% used [0x05af0000, 0x05d00000, 0x05d00000)
  to   space 2112K,   0% used [0x058e0000, 0x058e0000, 0x05af0000)
 tenured generation   total 42940K, used 28506K [0x09d50000, 0x0c73f000, 0x14800000)
   the space 42940K,  66% used [0x09d50000, 0x0b926b48, 0x0b926c00, 0x0c73f000)
 Metaspace       used 5360K, capacity 5542K, committed 5632K, reserved 6528K
Event: 30.460 GC heap after
Heap after GC invocations=18 (full 3):
 def new generation   total 19392K, used 2112K [0x04800000, 0x05d00000, 0x09d50000)
  eden space 17280K,   0% used [0x04800000, 0x04800000, 0x058e0000)
  from space 2112K, 100% used [0x058e0000, 0x05af0000, 0x05af0000)
  to   space 2112K,   0% used [0x05af0000, 0x05af0000, 0x05d00000)
 tenured generation   total 42940K, used 34129K [0x09d50000, 0x0c73f000, 0x14800000)
   the space 42940K,  79% used [0x09d50000, 0x0bea4540, 0x0bea4600, 0x0c73f000)
 Metaspace       used 5360K, capacity 5542K, committed 5632K, reserved 6528K
}
Event: 33.790 GC heap before
{Heap before GC invocations=18 (full 3):
 def new generation   total 19392K, used 19392K [0x04800000, 0x05d00000, 0x09d50000)
  eden space 17280K, 100% used [0x04800000, 0x058e0000, 0x058e0000)
  from space 2112K, 100% used [0x058e0000, 0x05af0000, 0x05af0000)
  to   space 2112K,   0% used [0x05af0000, 0x05af0000, 0x05d00000)
 tenured generation   total 42940K, used 34129K [0x09d50000, 0x0c73f000, 0x14800000)
   the space 42940K,  79% used [0x09d50000, 0x0bea4540, 0x0bea4600, 0x0c73f000)
 Metaspace       used 5360K, capacity 5542K, committed 5632K, reserved 6528K
Event: 33.803 GC heap after
Heap after GC invocations=19 (full 3):
 def new generation   total 19392K, used 2112K [0x04800000, 0x05d00000, 0x09d50000)
  eden space 17280K,   0% used [0x04800000, 0x04800000, 0x058e0000)
  from space 2112K, 100% used [0x05af0000, 0x05d00000, 0x05d00000)
  to   space 2112K,   0% used [0x058e0000, 0x058e0000, 0x05af0000)
 tenured generation   total 42940K, used 39748K [0x09d50000, 0x0c73f000, 0x14800000)
   the space 42940K,  92% used [0x09d50000, 0x0c4213c0, 0x0c421400, 0x0c73f000)
 Metaspace       used 5360K, capacity 5542K, committed 5632K, reserved 6528K
}
Event: 37.062 GC heap before
{Heap before GC invocations=19 (full 3):
 def new generation   total 19392K, used 19392K [0x04800000, 0x05d00000, 0x09d50000)
  eden space 17280K, 100% used [0x04800000, 0x058e0000, 0x058e0000)
  from space 2112K, 100% used [0x05af0000, 0x05d00000, 0x05d00000)
  to   space 2112K,   0% used [0x058e0000, 0x058e0000, 0x05af0000)
 tenured generation   total 42940K, used 39748K [0x09d50000, 0x0c73f000, 0x14800000)
   the space 42940K,  92% used [0x09d50000, 0x0c4213c0, 0x0c421400, 0x0c73f000)
 Metaspace       used 5368K, capacity 5542K, committed 5632K, reserved 6528K
Event: 37.137 GC heap after
Heap after GC invocations=20 (full 4):
 def new generation   total 24832K, used 0K [0x04800000, 0x062f0000, 0x09d50000)
  eden space 22080K,   0% used [0x04800000, 0x04800000, 0x05d90000)
  from space 2752K,   0% used [0x05d90000, 0x05d90000, 0x06040000)
  to   space 2752K,   0% used [0x06040000, 0x06040000, 0x062f0000)
 tenured generation   total 55136K, used 33081K [0x09d50000, 0x0d328000, 0x14800000)
   the space 55136K,  59% used [0x09d50000, 0x0bd9e5b0, 0x0bd9e600, 0x0d328000)
 Metaspace       used 5368K, capacity 5542K, committed 5632K, reserved 6528K
}

