# JRE version: Java(TM) SE Runtime Environment (8.0_112-b15) (build 1.8.0_112-b15)
# Java VM: Java HotSpot(TM) Client VM (25.112-b15 mixed mode, sharing windows-x86 )
Heap:
 def new generation   total 21312K, used 7627K [0x04800000, 0x05f20000, 0x09d50000)
  eden space 18944K,  27% used [0x04800000, 0x04d22ee8, 0x05a80000)
  from space 2368K, 100% used [0x05cd0000, 0x05f20000, 0x05f20000)
  to   space 2368K,   0% used [0x05a80000, 0x05a80000, 0x05cd0000)
 tenured generation   total 47304K, used 43922K [0x09d50000, 0x0cb82000, 0x14800000)
   the space 47304K,  92% used [0x09d50000, 0x0c834a08, 0x0c834c00, 0x0cb82000)
 Metaspace       used 426K, capacity 2526K, committed 2624K, reserved 4480K
GC Heap History (10 events):
Event: 21.831 GC heap before
{Heap before GC invocations=15 (full 2):
 def new generation   total 17024K, used 17024K [0x04800000, 0x05a70000, 0x09d50000)
  eden space 15168K, 100% used [0x04800000, 0x056d0000, 0x056d0000)
  from space 1856K, 100% used [0x056d0000, 0x058a0000, 0x058a0000)
  to   space 1856K,   0% used [0x058a0000, 0x058a0000, 0x05a70000)
 tenured generation   total 37728K, used 30961K [0x09d50000, 0x0c228000, 0x14800000)
   the space 37728K,  82% used [0x09d50000, 0x0bb8c768, 0x0bb8c800, 0x0c228000)
 Metaspace       used 413K, capacity 2526K, committed 2624K, reserved 4480K
Event: 21.842 GC heap after
Heap after GC invocations=16 (full 2):
 def new generation   total 17024K, used 1856K [0x04800000, 0x05a70000, 0x09d50000)
  eden space 15168K,   0% used [0x04800000, 0x04800000, 0x056d0000)
  from space 1856K, 100% used [0x058a0000, 0x05a70000, 0x05a70000)
  to   space 1856K,   0% used [0x056d0000, 0x056d0000, 0x058a0000)
 tenured generation   total 37728K, used 35897K [0x09d50000, 0x0c228000, 0x14800000)
   the space 37728K,  95% used [0x09d50000, 0x0c05e4a8, 0x0c05e600, 0x0c228000)
 Metaspace       used 413K, capacity 2526K, committed 2624K, reserved 4480K
}
Event: 24.723 GC heap before
{Heap before GC invocations=16 (full 2):
 def new generation   total 17024K, used 17024K [0x04800000, 0x05a70000, 0x09d50000)
  eden space 15168K, 100% used [0x04800000, 0x056d0000, 0x056d0000)
  from space 1856K, 100% used [0x058a0000, 0x05a70000, 0x05a70000)
  to   space 1856K,   0% used [0x056d0000, 0x056d0000, 0x058a0000)
 tenured generation   total 37728K, used 35897K [0x09d50000, 0x0c228000, 0x14800000)
   the space 37728K,  95% used [0x09d50000, 0x0c05e4a8, 0x0c05e600, 0x0c228000)
 Metaspace       used 413K, capacity 2526K, committed 2624K, reserved 4480K
Event: 24.783 GC heap after
Heap after GC invocations=17 (full 3):
 def new generation   total 21312K, used 0K [0x04800000, 0x05f20000, 0x09d50000)
  eden space 18944K,   0% used [0x04800000, 0x04800000, 0x05a80000)
  from space 2368K,   0% used [0x05a80000, 0x05a80000, 0x05cd0000)
  to   space 2368K,   0% used [0x05cd0000, 0x05cd0000, 0x05f20000)
 tenured generation   total 47304K, used 28381K [0x09d50000, 0x0cb82000, 0x14800000)
   the space 47304K,  59% used [0x09d50000, 0x0b907670, 0x0b907800, 0x0cb82000)
 Metaspace       used 413K, capacity 2526K, committed 2624K, reserved 4480K
}
Event: 27.985 GC heap before
{Heap before GC invocations=17 (full 3):
 def new generation   total 21312K, used 18944K [0x04800000, 0x05f20000, 0x09d50000)
  eden space 18944K, 100% used [0x04800000, 0x05a80000, 0x05a80000)
  from space 2368K,   0% used [0x05a80000, 0x05a80000, 0x05cd0000)
  to   space 2368K,   0% used [0x05cd0000, 0x05cd0000, 0x05f20000)
 tenured generation   total 47304K, used 28381K [0x09d50000, 0x0cb82000, 0x14800000)
   the space 47304K,  59% used [0x09d50000, 0x0b907670, 0x0b907800, 0x0cb82000)
 Metaspace       used 416K, capacity 2526K, committed 2624K, reserved 4480K
Event: 27.997 GC heap after
Heap after GC invocations=18 (full 3):
 def new generation   total 21312K, used 2368K [0x04800000, 0x05f20000, 0x09d50000)
  eden space 18944K,   0% used [0x04800000, 0x04800000, 0x05a80000)
  from space 2368K, 100% used [0x05cd0000, 0x05f20000, 0x05f20000)
  to   space 2368K,   0% used [0x05a80000, 0x05a80000, 0x05cd0000)
 tenured generation   total 47304K, used 31320K [0x09d50000, 0x0cb82000, 0x14800000)
   the space 47304K,  66% used [0x09d50000, 0x0bbe6010, 0x0bbe6200, 0x0cb82000)
 Metaspace       used 416K, capacity 2526K, committed 2624K, reserved 4480K
}
Event: 31.608 GC heap before
{Heap before GC invocations=18 (full 3):
 def new generation   total 21312K, used 21312K [0x04800000, 0x05f20000, 0x09d50000)
  eden space 18944K, 100% used [0x04800000, 0x05a80000, 0x05a80000)
  from space 2368K, 100% used [0x05cd0000, 0x05f20000, 0x05f20000)
  to   space 2368K,   0% used [0x05a80000, 0x05a80000, 0x05cd0000)
 tenured generation   total 47304K, used 31320K [0x09d50000, 0x0cb82000, 0x14800000)
   the space 47304K,  66% used [0x09d50000, 0x0bbe6010, 0x0bbe6200, 0x0cb82000)
 Metaspace       used 416K, capacity 2526K, committed 2624K, reserved 4480K
Event: 31.621 GC heap after
Heap after GC invocations=19 (full 3):
 def new generation   total 21312K, used 2368K [0x04800000, 0x05f20000, 0x09d50000)
  eden space 18944K,   0% used [0x04800000, 0x04800000, 0x05a80000)
  from space 2368K, 100% used [0x05a80000, 0x05cd0000, 0x05cd0000)
  to   space 2368K,   0% used [0x05cd0000, 0x05cd0000, 0x05f20000)
 tenured generation   total 47304K, used 37479K [0x09d50000, 0x0cb82000, 0x14800000)
   the space 47304K,  79% used [0x09d50000, 0x0c1e9e78, 0x0c1ea000, 0x0cb82000)
 Metaspace       used 416K, capacity 2526K, committed 2624K, reserved 4480K
}
Event: 35.750 GC heap before
{Heap before GC invocations=19 (full 3):
 def new generation   total 21312K, used 21312K [0x04800000, 0x05f20000, 0x09d50000)
  eden space 18944K, 100% used [0x04800000, 0x05a80000, 0x05a80000)
  from space 2368K, 100% used [0x05a80000, 0x05cd0000, 0x05cd0000)
  to   space 2368K,   0% used [0x05cd0000, 0x05cd0000, 0x05f20000)
 tenured generation   total 47304K, used 37479K [0x09d50000, 0x0cb82000, 0x14800000)
   the space 47304K,  79% used [0x09d50000, 0x0c1e9e78, 0x0c1ea000, 0x0cb82000)
 Metaspace       used 426K, capacity 2526K, committed 2624K, reserved 4480K
Event: 35.766 GC heap after
Heap after GC invocations=20 (full 3):
 def new generation   total 21312K, used 2368K [0x04800000, 0x05f20000, 0x09d50000)
  eden space 18944K,   0% used [0x04800000, 0x04800000, 0x05a80000)
  from space 2368K, 100% used [0x05cd0000, 0x05f20000, 0x05f20000)
  to   space 2368K,   0% used [0x05a80000, 0x05a80000, 0x05cd0000)
 tenured generation   total 47304K, used 43922K [0x09d50000, 0x0cb82000, 0x14800000)
   the space 47304K,  92% used [0x09d50000, 0x0c834a08, 0x0c834c00, 0x0cb82000)
 Metaspace       used 426K, capacity 2526K, committed 2624K, reserved 4480K
}

