# JRE version: Java(TM) SE Runtime Environment (8.0_112-b15) (build 1.8.0_112-b15)
# Java VM: Java HotSpot(TM) Client VM (25.112-b15 mixed mode, sharing windows-x86 )
Heap:
 def new generation   total 16192K, used 14434K [0x04800000, 0x05990000, 0x09d50000)
  eden space 14400K,  87% used [0x04800000, 0x05458868, 0x05610000)
  from space 1792K, 100% used [0x057d0000, 0x05990000, 0x05990000)
  to   space 1792K,   0% used [0x05610000, 0x05610000, 0x057d0000)
 tenured generation   total 35900K, used 34045K [0x09d50000, 0x0c05f000, 0x14800000)
   the space 35900K,  94% used [0x09d50000, 0x0be8f470, 0x0be8f600, 0x0c05f000)
 Metaspace       used 416K, capacity 2526K, committed 2624K, reserved 4480K
GC Heap History (10 events):
Event: 13.804 GC heap before
{Heap before GC invocations=11 (full 1):
 def new generation   total 8832K, used 8832K [0x04800000, 0x05190000, 0x09d50000)
  eden space 7872K, 100% used [0x04800000, 0x04fb0000, 0x04fb0000)
  from space 960K, 100% used [0x04fb0000, 0x050a0000, 0x050a0000)
  to   space 960K,   0% used [0x050a0000, 0x050a0000, 0x05190000)
 tenured generation   total 19520K, used 16204K [0x09d50000, 0x0b060000, 0x14800000)
   the space 19520K,  83% used [0x09d50000, 0x0ad23180, 0x0ad23200, 0x0b060000)
 Metaspace       used 416K, capacity 2539K, committed 2624K, reserved 4480K
Event: 13.810 GC heap after
Heap after GC invocations=12 (full 1):
 def new generation   total 8832K, used 960K [0x04800000, 0x05190000, 0x09d50000)
  eden space 7872K,   0% used [0x04800000, 0x04800000, 0x04fb0000)
  from space 960K, 100% used [0x050a0000, 0x05190000, 0x05190000)
  to   space 960K,   0% used [0x04fb0000, 0x04fb0000, 0x050a0000)
 tenured generation   total 19520K, used 18869K [0x09d50000, 0x0b060000, 0x14800000)
   the space 19520K,  96% used [0x09d50000, 0x0afbd520, 0x0afbd600, 0x0b060000)
 Metaspace       used 416K, capacity 2539K, committed 2624K, reserved 4480K
}
Event: 15.197 GC heap before
{Heap before GC invocations=12 (full 1):
 def new generation   total 8832K, used 8832K [0x04800000, 0x05190000, 0x09d50000)
  eden space 7872K, 100% used [0x04800000, 0x04fb0000, 0x04fb0000)
  from space 960K, 100% used [0x050a0000, 0x05190000, 0x05190000)
  to   space 960K,   0% used [0x04fb0000, 0x04fb0000, 0x050a0000)
 tenured generation   total 19520K, used 18869K [0x09d50000, 0x0b060000, 0x14800000)
   the space 19520K,  96% used [0x09d50000, 0x0afbd520, 0x0afbd600, 0x0b060000)
 Metaspace       used 416K, capacity 2539K, committed 2624K, reserved 4480K
Event: 15.239 GC heap after
Heap after GC invocations=13 (full 2):
 def new generation   total 16192K, used 0K [0x04800000, 0x05990000, 0x09d50000)
  eden space 14400K,   0% used [0x04800000, 0x04800000, 0x05610000)
  from space 1792K,   0% used [0x05610000, 0x05610000, 0x057d0000)
  to   space 1792K,   0% used [0x057d0000, 0x057d0000, 0x05990000)
 tenured generation   total 35900K, used 21539K [0x09d50000, 0x0c05f000, 0x14800000)
   the space 35900K,  59% used [0x09d50000, 0x0b258f30, 0x0b259000, 0x0c05f000)
 Metaspace       used 412K, capacity 2526K, committed 2624K, reserved 4480K
}
Event: 17.681 GC heap before
{Heap before GC invocations=13 (full 2):
 def new generation   total 16192K, used 14400K [0x04800000, 0x05990000, 0x09d50000)
  eden space 14400K, 100% used [0x04800000, 0x05610000, 0x05610000)
  from space 1792K,   0% used [0x05610000, 0x05610000, 0x057d0000)
  to   space 1792K,   0% used [0x057d0000, 0x057d0000, 0x05990000)
 tenured generation   total 35900K, used 21539K [0x09d50000, 0x0c05f000, 0x14800000)
   the space 35900K,  59% used [0x09d50000, 0x0b258f30, 0x0b259000, 0x0c05f000)
 Metaspace       used 413K, capacity 2526K, committed 2624K, reserved 4480K
Event: 17.692 GC heap after
Heap after GC invocations=14 (full 2):
 def new generation   total 16192K, used 1792K [0x04800000, 0x05990000, 0x09d50000)
  eden space 14400K,   0% used [0x04800000, 0x04800000, 0x05610000)
  from space 1792K, 100% used [0x057d0000, 0x05990000, 0x05990000)
  to   space 1792K,   0% used [0x05610000, 0x05610000, 0x057d0000)
 tenured generation   total 35900K, used 24591K [0x09d50000, 0x0c05f000, 0x14800000)
   the space 35900K,  68% used [0x09d50000, 0x0b553c80, 0x0b553e00, 0x0c05f000)
 Metaspace       used 413K, capacity 2526K, committed 2624K, reserved 4480K
}
Event: 20.490 GC heap before
{Heap before GC invocations=14 (full 2):
 def new generation   total 16192K, used 16192K [0x04800000, 0x05990000, 0x09d50000)
  eden space 14400K, 100% used [0x04800000, 0x05610000, 0x05610000)
  from space 1792K, 100% used [0x057d0000, 0x05990000, 0x05990000)
  to   space 1792K,   0% used [0x05610000, 0x05610000, 0x057d0000)
 tenured generation   total 35900K, used 24591K [0x09d50000, 0x0c05f000, 0x14800000)
   the space 35900K,  68% used [0x09d50000, 0x0b553c80, 0x0b553e00, 0x0c05f000)
 Metaspace       used 416K, capacity 2526K, committed 2624K, reserved 4480K
Event: 20.503 GC heap after
Heap after GC invocations=15 (full 2):
 def new generation   total 16192K, used 1792K [0x04800000, 0x05990000, 0x09d50000)
  eden space 14400K,   0% used [0x04800000, 0x04800000, 0x05610000)
  from space 1792K, 100% used [0x05610000, 0x057d0000, 0x057d0000)
  to   space 1792K,   0% used [0x057d0000, 0x057d0000, 0x05990000)
 tenured generation   total 35900K, used 29463K [0x09d50000, 0x0c05f000, 0x14800000)
   the space 35900K,  82% used [0x09d50000, 0x0ba15f48, 0x0ba16000, 0x0c05f000)
 Metaspace       used 416K, capacity 2526K, committed 2624K, reserved 4480K
}
Event: 25.195 GC heap before
{Heap before GC invocations=15 (full 2):
 def new generation   total 16192K, used 16192K [0x04800000, 0x05990000, 0x09d50000)
  eden space 14400K, 100% used [0x04800000, 0x05610000, 0x05610000)
  from space 1792K, 100% used [0x05610000, 0x057d0000, 0x057d0000)
  to   space 1792K,   0% used [0x057d0000, 0x057d0000, 0x05990000)
 tenured generation   total 35900K, used 29463K [0x09d50000, 0x0c05f000, 0x14800000)
   the space 35900K,  82% used [0x09d50000, 0x0ba15f48, 0x0ba16000, 0x0c05f000)
 Metaspace       used 416K, capacity 2526K, committed 2624K, reserved 4480K
Event: 25.206 GC heap after
Heap after GC invocations=16 (full 2):
 def new generation   total 16192K, used 1792K [0x04800000, 0x05990000, 0x09d50000)
  eden space 14400K,   0% used [0x04800000, 0x04800000, 0x05610000)
  from space 1792K, 100% used [0x057d0000, 0x05990000, 0x05990000)
  to   space 1792K,   0% used [0x05610000, 0x05610000, 0x057d0000)
 tenured generation   total 35900K, used 34045K [0x09d50000, 0x0c05f000, 0x14800000)
   the space 35900K,  94% used [0x09d50000, 0x0be8f470, 0x0be8f600, 0x0c05f000)
 Metaspace       used 416K, capacity 2526K, committed 2624K, reserved 4480K
}

