# JRE version: Java(TM) SE Runtime Environment (8.0_112-b15) (build 1.8.0_112-b15)
# Java VM: Java HotSpot(TM) Client VM (25.112-b15 mixed mode, sharing windows-x86 )
Heap:
 def new generation   total 16000K, used 7454K [0x04800000, 0x05950000, 0x09d50000)
  eden space 14272K,  40% used [0x04800000, 0x04d97a08, 0x055f0000)
  from space 1728K, 100% used [0x057a0000, 0x05950000, 0x05950000)
  to   space 1728K,   0% used [0x055f0000, 0x055f0000, 0x057a0000)
 tenured generation   total 35420K, used 33789K [0x09d50000, 0x0bfe7000, 0x14800000)
   the space 35420K,  95% used [0x09d50000, 0x0be4f580, 0x0be4f600, 0x0bfe7000)
 Metaspace       used 414K, capacity 2526K, committed 2624K, reserved 4480K
GC Heap History (10 events):
Event: 10.060 GC heap before
{Heap before GC invocations=10 (full 1):
 def new generation   total 8640K, used 8640K [0x04800000, 0x05160000, 0x09d50000)
  eden space 7680K, 100% used [0x04800000, 0x04f80000, 0x04f80000)
  from space 960K, 100% used [0x04f80000, 0x05070000, 0x05070000)
  to   space 960K,   0% used [0x05070000, 0x05070000, 0x05160000)
 tenured generation   total 19096K, used 15954K [0x09d50000, 0x0aff6000, 0x14800000)
   the space 19096K,  83% used [0x09d50000, 0x0ace4998, 0x0ace4a00, 0x0aff6000)
 Metaspace       used 414K, capacity 2539K, committed 2624K, reserved 4480K
Event: 10.067 GC heap after
Heap after GC invocations=11 (full 1):
 def new generation   total 8640K, used 960K [0x04800000, 0x05160000, 0x09d50000)
  eden space 7680K,   0% used [0x04800000, 0x04800000, 0x04f80000)
  from space 960K, 100% used [0x05070000, 0x05160000, 0x05160000)
  to   space 960K,   0% used [0x04f80000, 0x04f80000, 0x05070000)
 tenured generation   total 19096K, used 18687K [0x09d50000, 0x0aff6000, 0x14800000)
   the space 19096K,  97% used [0x09d50000, 0x0af8fdf8, 0x0af8fe00, 0x0aff6000)
 Metaspace       used 414K, capacity 2539K, committed 2624K, reserved 4480K
}
Event: 11.419 GC heap before
{Heap before GC invocations=11 (full 1):
 def new generation   total 8640K, used 8640K [0x04800000, 0x05160000, 0x09d50000)
  eden space 7680K, 100% used [0x04800000, 0x04f80000, 0x04f80000)
  from space 960K, 100% used [0x05070000, 0x05160000, 0x05160000)
  to   space 960K,   0% used [0x04f80000, 0x04f80000, 0x05070000)
 tenured generation   total 19096K, used 18687K [0x09d50000, 0x0aff6000, 0x14800000)
   the space 19096K,  97% used [0x09d50000, 0x0af8fdf8, 0x0af8fe00, 0x0aff6000)
 Metaspace       used 414K, capacity 2539K, committed 2624K, reserved 4480K
Event: 11.460 GC heap after
Heap after GC invocations=12 (full 2):
 def new generation   total 16000K, used 0K [0x04800000, 0x05950000, 0x09d50000)
  eden space 14272K,   0% used [0x04800000, 0x04800000, 0x055f0000)
  from space 1728K,   0% used [0x055f0000, 0x055f0000, 0x057a0000)
  to   space 1728K,   0% used [0x057a0000, 0x057a0000, 0x05950000)
 tenured generation   total 35420K, used 21249K [0x09d50000, 0x0bfe7000, 0x14800000)
   the space 35420K,  59% used [0x09d50000, 0x0b210668, 0x0b210800, 0x0bfe7000)
 Metaspace       used 410K, capacity 2526K, committed 2624K, reserved 4480K
}
Event: 13.891 GC heap before
{Heap before GC invocations=12 (full 2):
 def new generation   total 16000K, used 14272K [0x04800000, 0x05950000, 0x09d50000)
  eden space 14272K, 100% used [0x04800000, 0x055f0000, 0x055f0000)
  from space 1728K,   0% used [0x055f0000, 0x055f0000, 0x057a0000)
  to   space 1728K,   0% used [0x057a0000, 0x057a0000, 0x05950000)
 tenured generation   total 35420K, used 21249K [0x09d50000, 0x0bfe7000, 0x14800000)
   the space 35420K,  59% used [0x09d50000, 0x0b210668, 0x0b210800, 0x0bfe7000)
 Metaspace       used 411K, capacity 2526K, committed 2624K, reserved 4480K
Event: 13.902 GC heap after
Heap after GC invocations=13 (full 2):
 def new generation   total 16000K, used 1728K [0x04800000, 0x05950000, 0x09d50000)
  eden space 14272K,   0% used [0x04800000, 0x04800000, 0x055f0000)
  from space 1728K, 100% used [0x057a0000, 0x05950000, 0x05950000)
  to   space 1728K,   0% used [0x055f0000, 0x055f0000, 0x057a0000)
 tenured generation   total 35420K, used 24327K [0x09d50000, 0x0bfe7000, 0x14800000)
   the space 35420K,  68% used [0x09d50000, 0x0b511ed8, 0x0b512000, 0x0bfe7000)
 Metaspace       used 411K, capacity 2526K, committed 2624K, reserved 4480K
}
Event: 16.054 GC heap before
{Heap before GC invocations=13 (full 2):
 def new generation   total 16000K, used 16000K [0x04800000, 0x05950000, 0x09d50000)
  eden space 14272K, 100% used [0x04800000, 0x055f0000, 0x055f0000)
  from space 1728K, 100% used [0x057a0000, 0x05950000, 0x05950000)
  to   space 1728K,   0% used [0x055f0000, 0x055f0000, 0x057a0000)
 tenured generation   total 35420K, used 24327K [0x09d50000, 0x0bfe7000, 0x14800000)
   the space 35420K,  68% used [0x09d50000, 0x0b511ed8, 0x0b512000, 0x0bfe7000)
 Metaspace       used 414K, capacity 2526K, committed 2624K, reserved 4480K
Event: 16.066 GC heap after
Heap after GC invocations=14 (full 2):
 def new generation   total 16000K, used 1728K [0x04800000, 0x05950000, 0x09d50000)
  eden space 14272K,   0% used [0x04800000, 0x04800000, 0x055f0000)
  from space 1728K, 100% used [0x055f0000, 0x057a0000, 0x057a0000)
  to   space 1728K,   0% used [0x057a0000, 0x057a0000, 0x05950000)
 tenured generation   total 35420K, used 29116K [0x09d50000, 0x0bfe7000, 0x14800000)
   the space 35420K,  82% used [0x09d50000, 0x0b9bf3a8, 0x0b9bf400, 0x0bfe7000)
 Metaspace       used 414K, capacity 2526K, committed 2624K, reserved 4480K
}
Event: 18.783 GC heap before
{Heap before GC invocations=14 (full 2):
 def new generation   total 16000K, used 16000K [0x04800000, 0x05950000, 0x09d50000)
  eden space 14272K, 100% used [0x04800000, 0x055f0000, 0x055f0000)
  from space 1728K, 100% used [0x055f0000, 0x057a0000, 0x057a0000)
  to   space 1728K,   0% used [0x057a0000, 0x057a0000, 0x05950000)
 tenured generation   total 35420K, used 29116K [0x09d50000, 0x0bfe7000, 0x14800000)
   the space 35420K,  82% used [0x09d50000, 0x0b9bf3a8, 0x0b9bf400, 0x0bfe7000)
 Metaspace       used 414K, capacity 2526K, committed 2624K, reserved 4480K
Event: 18.794 GC heap after
Heap after GC invocations=15 (full 2):
 def new generation   total 16000K, used 1728K [0x04800000, 0x05950000, 0x09d50000)
  eden space 14272K,   0% used [0x04800000, 0x04800000, 0x055f0000)
  from space 1728K, 100% used [0x057a0000, 0x05950000, 0x05950000)
  to   space 1728K,   0% used [0x055f0000, 0x055f0000, 0x057a0000)
 tenured generation   total 35420K, used 33789K [0x09d50000, 0x0bfe7000, 0x14800000)
   the space 35420K,  95% used [0x09d50000, 0x0be4f580, 0x0be4f600, 0x0bfe7000)
 Metaspace       used 414K, capacity 2526K, committed 2624K, reserved 4480K
}

