# JRE version: Java(TM) SE Runtime Environment (8.0_112-b15) (build 1.8.0_112-b15)
# Java VM: Java HotSpot(TM) Client VM (25.112-b15 mixed mode, sharing windows-x86 )
Heap:
 def new generation   total 20352K, used 13978K [0x04800000, 0x05e10000, 0x09d50000)
  eden space 18112K,  77% used [0x04800000, 0x055a6b28, 0x059b0000)
  from space 2240K,   0% used [0x059b0000, 0x059b0000, 0x05be0000)
  to   space 2240K,   0% used [0x05be0000, 0x05be0000, 0x05e10000)
 tenured generation   total 45144K, used 27085K [0x09d50000, 0x0c966000, 0x14800000)
   the space 45144K,  59% used [0x09d50000, 0x0b7c3628, 0x0b7c3800, 0x0c966000)
 Metaspace       used 418K, capacity 2526K, committed 2624K, reserved 4480K
GC Heap History (10 events):
Event: 11.587 GC heap before
{Heap before GC invocations=11 (full 1):
 def new generation   total 8640K, used 8640K [0x04800000, 0x05160000, 0x09d50000)
  eden space 7680K, 100% used [0x04800000, 0x04f80000, 0x04f80000)
  from space 960K, 100% used [0x05070000, 0x05160000, 0x05160000)
  to   space 960K,   0% used [0x04f80000, 0x04f80000, 0x05070000)
 tenured generation   total 19096K, used 18707K [0x09d50000, 0x0aff6000, 0x14800000)
   the space 19096K,  97% used [0x09d50000, 0x0af94e18, 0x0af95000, 0x0aff6000)
 Metaspace       used 414K, capacity 2539K, committed 2624K, reserved 4480K
Event: 11.627 GC heap after
Heap after GC invocations=12 (full 2):
 def new generation   total 16064K, used 0K [0x04800000, 0x05960000, 0x09d50000)
  eden space 14336K,   0% used [0x04800000, 0x04800000, 0x05600000)
  from space 1728K,   0% used [0x05600000, 0x05600000, 0x057b0000)
  to   space 1728K,   0% used [0x057b0000, 0x057b0000, 0x05960000)
 tenured generation   total 35452K, used 21269K [0x09d50000, 0x0bfef000, 0x14800000)
   the space 35452K,  59% used [0x09d50000, 0x0b2157c8, 0x0b215800, 0x0bfef000)
 Metaspace       used 409K, capacity 2526K, committed 2624K, reserved 4480K
}
Event: 14.067 GC heap before
{Heap before GC invocations=12 (full 2):
 def new generation   total 16064K, used 14336K [0x04800000, 0x05960000, 0x09d50000)
  eden space 14336K, 100% used [0x04800000, 0x05600000, 0x05600000)
  from space 1728K,   0% used [0x05600000, 0x05600000, 0x057b0000)
  to   space 1728K,   0% used [0x057b0000, 0x057b0000, 0x05960000)
 tenured generation   total 35452K, used 21269K [0x09d50000, 0x0bfef000, 0x14800000)
   the space 35452K,  59% used [0x09d50000, 0x0b2157c8, 0x0b215800, 0x0bfef000)
 Metaspace       used 411K, capacity 2526K, committed 2624K, reserved 4480K
Event: 14.079 GC heap after
Heap after GC invocations=13 (full 2):
 def new generation   total 16064K, used 1728K [0x04800000, 0x05960000, 0x09d50000)
  eden space 14336K,   0% used [0x04800000, 0x04800000, 0x05600000)
  from space 1728K, 100% used [0x057b0000, 0x05960000, 0x05960000)
  to   space 1728K,   0% used [0x05600000, 0x05600000, 0x057b0000)
 tenured generation   total 35452K, used 24362K [0x09d50000, 0x0bfef000, 0x14800000)
   the space 35452K,  68% used [0x09d50000, 0x0b51aa78, 0x0b51ac00, 0x0bfef000)
 Metaspace       used 411K, capacity 2526K, committed 2624K, reserved 4480K
}
Event: 16.112 GC heap before
{Heap before GC invocations=13 (full 2):
 def new generation   total 16064K, used 16064K [0x04800000, 0x05960000, 0x09d50000)
  eden space 14336K, 100% used [0x04800000, 0x05600000, 0x05600000)
  from space 1728K, 100% used [0x057b0000, 0x05960000, 0x05960000)
  to   space 1728K,   0% used [0x05600000, 0x05600000, 0x057b0000)
 tenured generation   total 35452K, used 24362K [0x09d50000, 0x0bfef000, 0x14800000)
   the space 35452K,  68% used [0x09d50000, 0x0b51aa78, 0x0b51ac00, 0x0bfef000)
 Metaspace       used 414K, capacity 2526K, committed 2624K, reserved 4480K
Event: 16.125 GC heap after
Heap after GC invocations=14 (full 2):
 def new generation   total 16064K, used 1728K [0x04800000, 0x05960000, 0x09d50000)
  eden space 14336K,   0% used [0x04800000, 0x04800000, 0x05600000)
  from space 1728K, 100% used [0x05600000, 0x057b0000, 0x057b0000)
  to   space 1728K,   0% used [0x057b0000, 0x057b0000, 0x05960000)
 tenured generation   total 35452K, used 29169K [0x09d50000, 0x0bfef000, 0x14800000)
   the space 35452K,  82% used [0x09d50000, 0x0b9cc4d0, 0x0b9cc600, 0x0bfef000)
 Metaspace       used 414K, capacity 2526K, committed 2624K, reserved 4480K
}
Event: 18.431 GC heap before
{Heap before GC invocations=14 (full 2):
 def new generation   total 16064K, used 16064K [0x04800000, 0x05960000, 0x09d50000)
  eden space 14336K, 100% used [0x04800000, 0x05600000, 0x05600000)
  from space 1728K, 100% used [0x05600000, 0x057b0000, 0x057b0000)
  to   space 1728K,   0% used [0x057b0000, 0x057b0000, 0x05960000)
 tenured generation   total 35452K, used 29169K [0x09d50000, 0x0bfef000, 0x14800000)
   the space 35452K,  82% used [0x09d50000, 0x0b9cc4d0, 0x0b9cc600, 0x0bfef000)
 Metaspace       used 414K, capacity 2526K, committed 2624K, reserved 4480K
Event: 18.443 GC heap after
Heap after GC invocations=15 (full 2):
 def new generation   total 16064K, used 1728K [0x04800000, 0x05960000, 0x09d50000)
  eden space 14336K,   0% used [0x04800000, 0x04800000, 0x05600000)
  from space 1728K, 100% used [0x057b0000, 0x05960000, 0x05960000)
  to   space 1728K,   0% used [0x05600000, 0x05600000, 0x057b0000)
 tenured generation   total 35452K, used 33869K [0x09d50000, 0x0bfef000, 0x14800000)
   the space 35452K,  95% used [0x09d50000, 0x0be63728, 0x0be63800, 0x0bfef000)
 Metaspace       used 414K, capacity 2526K, committed 2624K, reserved 4480K
}
Event: 21.045 GC heap before
{Heap before GC invocations=15 (full 2):
 def new generation   total 16064K, used 16064K [0x04800000, 0x05960000, 0x09d50000)
  eden space 14336K, 100% used [0x04800000, 0x05600000, 0x05600000)
  from space 1728K, 100% used [0x057b0000, 0x05960000, 0x05960000)
  to   space 1728K,   0% used [0x05600000, 0x05600000, 0x057b0000)
 tenured generation   total 35452K, used 33869K [0x09d50000, 0x0bfef000, 0x14800000)
   the space 35452K,  95% used [0x09d50000, 0x0be63728, 0x0be63800, 0x0bfef000)
 Metaspace       used 414K, capacity 2526K, committed 2624K, reserved 4480K
Event: 21.105 GC heap after
Heap after GC invocations=16 (full 3):
 def new generation   total 20352K, used 0K [0x04800000, 0x05e10000, 0x09d50000)
  eden space 18112K,   0% used [0x04800000, 0x04800000, 0x059b0000)
  from space 2240K,   0% used [0x059b0000, 0x059b0000, 0x05be0000)
  to   space 2240K,   0% used [0x05be0000, 0x05be0000, 0x05e10000)
 tenured generation   total 45144K, used 27085K [0x09d50000, 0x0c966000, 0x14800000)
   the space 45144K,  59% used [0x09d50000, 0x0b7c3628, 0x0b7c3800, 0x0c966000)
 Metaspace       used 414K, capacity 2526K, committed 2624K, reserved 4480K
}

