# JRE version: Java(TM) SE Runtime Environment (8.0_112-b15) (build 1.8.0_112-b15)
# Java VM: Java HotSpot(TM) Client VM (25.112-b15 mixed mode, sharing windows-x86 )
Heap:
 def new generation   total 20288K, used 9599K [0x04800000, 0x05e00000, 0x09d50000)
  eden space 18048K,  53% used [0x04800000, 0x0515fdd0, 0x059a0000)
  from space 2240K,   0% used [0x059a0000, 0x059a0000, 0x05bd0000)
  to   space 2240K,   0% used [0x05bd0000, 0x05bd0000, 0x05e00000)
 tenured generation   total 45016K, used 27007K [0x09d50000, 0x0c946000, 0x14800000)
   the space 45016K,  59% used [0x09d50000, 0x0b7afe58, 0x0b7b0000, 0x0c946000)
 Metaspace       used 418K, capacity 2526K, committed 2624K, reserved 4480K
GC Heap History (10 events):
Event: 11.425 GC heap before
{Heap before GC invocations=11 (full 1):
 def new generation   total 8640K, used 8640K [0x04800000, 0x05160000, 0x09d50000)
  eden space 7680K, 100% used [0x04800000, 0x04f80000, 0x04f80000)
  from space 960K, 100% used [0x05070000, 0x05160000, 0x05160000)
  to   space 960K,   0% used [0x04f80000, 0x04f80000, 0x05070000)
 tenured generation   total 19096K, used 18716K [0x09d50000, 0x0aff6000, 0x14800000)
   the space 19096K,  98% used [0x09d50000, 0x0af97260, 0x0af97400, 0x0aff6000)
 Metaspace       used 413K, capacity 2539K, committed 2624K, reserved 4480K
Event: 11.466 GC heap after
Heap after GC invocations=12 (full 2):
 def new generation   total 16064K, used 0K [0x04800000, 0x05960000, 0x09d50000)
  eden space 14336K,   0% used [0x04800000, 0x04800000, 0x05600000)
  from space 1728K,   0% used [0x05600000, 0x05600000, 0x057b0000)
  to   space 1728K,   0% used [0x057b0000, 0x057b0000, 0x05960000)
 tenured generation   total 35456K, used 21271K [0x09d50000, 0x0bff0000, 0x14800000)
   the space 35456K,  59% used [0x09d50000, 0x0b215e88, 0x0b216000, 0x0bff0000)
 Metaspace       used 409K, capacity 2526K, committed 2624K, reserved 4480K
}
Event: 13.917 GC heap before
{Heap before GC invocations=12 (full 2):
 def new generation   total 16064K, used 14336K [0x04800000, 0x05960000, 0x09d50000)
  eden space 14336K, 100% used [0x04800000, 0x05600000, 0x05600000)
  from space 1728K,   0% used [0x05600000, 0x05600000, 0x057b0000)
  to   space 1728K,   0% used [0x057b0000, 0x057b0000, 0x05960000)
 tenured generation   total 35456K, used 21271K [0x09d50000, 0x0bff0000, 0x14800000)
   the space 35456K,  59% used [0x09d50000, 0x0b215e88, 0x0b216000, 0x0bff0000)
 Metaspace       used 410K, capacity 2526K, committed 2624K, reserved 4480K
Event: 13.928 GC heap after
Heap after GC invocations=13 (full 2):
 def new generation   total 16064K, used 1728K [0x04800000, 0x05960000, 0x09d50000)
  eden space 14336K,   0% used [0x04800000, 0x04800000, 0x05600000)
  from space 1728K, 100% used [0x057b0000, 0x05960000, 0x05960000)
  to   space 1728K,   0% used [0x05600000, 0x05600000, 0x057b0000)
 tenured generation   total 35456K, used 24354K [0x09d50000, 0x0bff0000, 0x14800000)
   the space 35456K,  68% used [0x09d50000, 0x0b518ba8, 0x0b518c00, 0x0bff0000)
 Metaspace       used 410K, capacity 2526K, committed 2624K, reserved 4480K
}
Event: 16.148 GC heap before
{Heap before GC invocations=13 (full 2):
 def new generation   total 16064K, used 16064K [0x04800000, 0x05960000, 0x09d50000)
  eden space 14336K, 100% used [0x04800000, 0x05600000, 0x05600000)
  from space 1728K, 100% used [0x057b0000, 0x05960000, 0x05960000)
  to   space 1728K,   0% used [0x05600000, 0x05600000, 0x057b0000)
 tenured generation   total 35456K, used 24354K [0x09d50000, 0x0bff0000, 0x14800000)
   the space 35456K,  68% used [0x09d50000, 0x0b518ba8, 0x0b518c00, 0x0bff0000)
 Metaspace       used 414K, capacity 2526K, committed 2624K, reserved 4480K
Event: 16.160 GC heap after
Heap after GC invocations=14 (full 2):
 def new generation   total 16064K, used 1728K [0x04800000, 0x05960000, 0x09d50000)
  eden space 14336K,   0% used [0x04800000, 0x04800000, 0x05600000)
  from space 1728K, 100% used [0x05600000, 0x057b0000, 0x057b0000)
  to   space 1728K,   0% used [0x057b0000, 0x057b0000, 0x05960000)
 tenured generation   total 35456K, used 29164K [0x09d50000, 0x0bff0000, 0x14800000)
   the space 35456K,  82% used [0x09d50000, 0x0b9cb0d8, 0x0b9cb200, 0x0bff0000)
 Metaspace       used 414K, capacity 2526K, committed 2624K, reserved 4480K
}
Event: 18.750 GC heap before
{Heap before GC invocations=14 (full 2):
 def new generation   total 16064K, used 16064K [0x04800000, 0x05960000, 0x09d50000)
  eden space 14336K, 100% used [0x04800000, 0x05600000, 0x05600000)
  from space 1728K, 100% used [0x05600000, 0x057b0000, 0x057b0000)
  to   space 1728K,   0% used [0x057b0000, 0x057b0000, 0x05960000)
 tenured generation   total 35456K, used 29164K [0x09d50000, 0x0bff0000, 0x14800000)
   the space 35456K,  82% used [0x09d50000, 0x0b9cb0d8, 0x0b9cb200, 0x0bff0000)
 Metaspace       used 414K, capacity 2526K, committed 2624K, reserved 4480K
Event: 18.762 GC heap after
Heap after GC invocations=15 (full 2):
 def new generation   total 16064K, used 1728K [0x04800000, 0x05960000, 0x09d50000)
  eden space 14336K,   0% used [0x04800000, 0x04800000, 0x05600000)
  from space 1728K, 100% used [0x057b0000, 0x05960000, 0x05960000)
  to   space 1728K,   0% used [0x05600000, 0x05600000, 0x057b0000)
 tenured generation   total 35456K, used 33834K [0x09d50000, 0x0bff0000, 0x14800000)
   the space 35456K,  95% used [0x09d50000, 0x0be5a928, 0x0be5aa00, 0x0bff0000)
 Metaspace       used 414K, capacity 2526K, committed 2624K, reserved 4480K
}
Event: 21.391 GC heap before
{Heap before GC invocations=15 (full 2):
 def new generation   total 16064K, used 16064K [0x04800000, 0x05960000, 0x09d50000)
  eden space 14336K, 100% used [0x04800000, 0x05600000, 0x05600000)
  from space 1728K, 100% used [0x057b0000, 0x05960000, 0x05960000)
  to   space 1728K,   0% used [0x05600000, 0x05600000, 0x057b0000)
 tenured generation   total 35456K, used 33834K [0x09d50000, 0x0bff0000, 0x14800000)
   the space 35456K,  95% used [0x09d50000, 0x0be5a928, 0x0be5aa00, 0x0bff0000)
 Metaspace       used 414K, capacity 2526K, committed 2624K, reserved 4480K
Event: 21.452 GC heap after
Heap after GC invocations=16 (full 3):
 def new generation   total 20288K, used 0K [0x04800000, 0x05e00000, 0x09d50000)
  eden space 18048K,   0% used [0x04800000, 0x04800000, 0x059a0000)
  from space 2240K,   0% used [0x059a0000, 0x059a0000, 0x05bd0000)
  to   space 2240K,   0% used [0x05bd0000, 0x05bd0000, 0x05e00000)
 tenured generation   total 45016K, used 27007K [0x09d50000, 0x0c946000, 0x14800000)
   the space 45016K,  59% used [0x09d50000, 0x0b7afe58, 0x0b7b0000, 0x0c946000)
 Metaspace       used 414K, capacity 2526K, committed 2624K, reserved 4480K
}

