# JRE version: Java(TM) SE Runtime Environment (8.0_112-b15) (build 1.8.0_112-b15)
# Java VM: Java HotSpot(TM) Client VM (25.112-b15 mixed mode, sharing windows-x86 )
Heap:
 def new generation   total 19968K, used 14362K [0x04800000, 0x05da0000, 0x09d50000)
  eden space 17792K,  80% used [0x04800000, 0x05606808, 0x05960000)
  from space 2176K,   0% used [0x05960000, 0x05960000, 0x05b80000)
  to   space 2176K,   0% used [0x05b80000, 0x05b80000, 0x05da0000)
 tenured generation   total 44236K, used 26539K [0x09d50000, 0x0c883000, 0x14800000)
   the space 44236K,  59% used [0x09d50000, 0x0b73afc8, 0x0b73b000, 0x0c883000)
 Metaspace       used 418K, capacity 2526K, committed 2624K, reserved 4480K
GC Heap History (10 events):
Event: 12.442 GC heap before
{Heap before GC invocations=11 (full 1):
 def new generation   total 8640K, used 8640K [0x04800000, 0x05160000, 0x09d50000)
  eden space 7680K, 100% used [0x04800000, 0x04f80000, 0x04f80000)
  from space 960K, 100% used [0x05070000, 0x05160000, 0x05160000)
  to   space 960K,   0% used [0x04f80000, 0x04f80000, 0x05070000)
 tenured generation   total 19096K, used 18701K [0x09d50000, 0x0aff6000, 0x14800000)
   the space 19096K,  97% used [0x09d50000, 0x0af93558, 0x0af93600, 0x0aff6000)
 Metaspace       used 414K, capacity 2539K, committed 2624K, reserved 4480K
Event: 12.486 GC heap after
Heap after GC invocations=12 (full 2):
 def new generation   total 16064K, used 0K [0x04800000, 0x05960000, 0x09d50000)
  eden space 14336K,   0% used [0x04800000, 0x04800000, 0x05600000)
  from space 1728K,   0% used [0x05600000, 0x05600000, 0x057b0000)
  to   space 1728K,   0% used [0x057b0000, 0x057b0000, 0x05960000)
 tenured generation   total 35448K, used 21266K [0x09d50000, 0x0bfee000, 0x14800000)
   the space 35448K,  59% used [0x09d50000, 0x0b214b50, 0x0b214c00, 0x0bfee000)
 Metaspace       used 410K, capacity 2526K, committed 2624K, reserved 4480K
}
Event: 15.251 GC heap before
{Heap before GC invocations=12 (full 2):
 def new generation   total 16064K, used 14336K [0x04800000, 0x05960000, 0x09d50000)
  eden space 14336K, 100% used [0x04800000, 0x05600000, 0x05600000)
  from space 1728K,   0% used [0x05600000, 0x05600000, 0x057b0000)
  to   space 1728K,   0% used [0x057b0000, 0x057b0000, 0x05960000)
 tenured generation   total 35448K, used 21266K [0x09d50000, 0x0bfee000, 0x14800000)
   the space 35448K,  59% used [0x09d50000, 0x0b214b50, 0x0b214c00, 0x0bfee000)
 Metaspace       used 411K, capacity 2526K, committed 2624K, reserved 4480K
Event: 15.263 GC heap after
Heap after GC invocations=13 (full 2):
 def new generation   total 16064K, used 1728K [0x04800000, 0x05960000, 0x09d50000)
  eden space 14336K,   0% used [0x04800000, 0x04800000, 0x05600000)
  from space 1728K, 100% used [0x057b0000, 0x05960000, 0x05960000)
  to   space 1728K,   0% used [0x05600000, 0x05600000, 0x057b0000)
 tenured generation   total 35448K, used 24370K [0x09d50000, 0x0bfee000, 0x14800000)
   the space 35448K,  68% used [0x09d50000, 0x0b51c870, 0x0b51ca00, 0x0bfee000)
 Metaspace       used 411K, capacity 2526K, committed 2624K, reserved 4480K
}
Event: 17.744 GC heap before
{Heap before GC invocations=13 (full 2):
 def new generation   total 16064K, used 16064K [0x04800000, 0x05960000, 0x09d50000)
  eden space 14336K, 100% used [0x04800000, 0x05600000, 0x05600000)
  from space 1728K, 100% used [0x057b0000, 0x05960000, 0x05960000)
  to   space 1728K,   0% used [0x05600000, 0x05600000, 0x057b0000)
 tenured generation   total 35448K, used 24370K [0x09d50000, 0x0bfee000, 0x14800000)
   the space 35448K,  68% used [0x09d50000, 0x0b51c870, 0x0b51ca00, 0x0bfee000)
 Metaspace       used 414K, capacity 2526K, committed 2624K, reserved 4480K
Event: 17.757 GC heap after
Heap after GC invocations=14 (full 2):
 def new generation   total 16064K, used 1728K [0x04800000, 0x05960000, 0x09d50000)
  eden space 14336K,   0% used [0x04800000, 0x04800000, 0x05600000)
  from space 1728K, 100% used [0x05600000, 0x057b0000, 0x057b0000)
  to   space 1728K,   0% used [0x057b0000, 0x057b0000, 0x05960000)
 tenured generation   total 35448K, used 29175K [0x09d50000, 0x0bfee000, 0x14800000)
   the space 35448K,  82% used [0x09d50000, 0x0b9cdc20, 0x0b9cde00, 0x0bfee000)
 Metaspace       used 414K, capacity 2526K, committed 2624K, reserved 4480K
}
Event: 20.522 GC heap before
{Heap before GC invocations=14 (full 2):
 def new generation   total 16064K, used 16064K [0x04800000, 0x05960000, 0x09d50000)
  eden space 14336K, 100% used [0x04800000, 0x05600000, 0x05600000)
  from space 1728K, 100% used [0x05600000, 0x057b0000, 0x057b0000)
  to   space 1728K,   0% used [0x057b0000, 0x057b0000, 0x05960000)
 tenured generation   total 35448K, used 29175K [0x09d50000, 0x0bfee000, 0x14800000)
   the space 35448K,  82% used [0x09d50000, 0x0b9cdc20, 0x0b9cde00, 0x0bfee000)
 Metaspace       used 414K, capacity 2526K, committed 2624K, reserved 4480K
Event: 20.534 GC heap after
Heap after GC invocations=15 (full 2):
 def new generation   total 16064K, used 1728K [0x04800000, 0x05960000, 0x09d50000)
  eden space 14336K,   0% used [0x04800000, 0x04800000, 0x05600000)
  from space 1728K, 100% used [0x057b0000, 0x05960000, 0x05960000)
  to   space 1728K,   0% used [0x05600000, 0x05600000, 0x057b0000)
 tenured generation   total 35448K, used 33874K [0x09d50000, 0x0bfee000, 0x14800000)
   the space 35448K,  95% used [0x09d50000, 0x0be64a28, 0x0be64c00, 0x0bfee000)
 Metaspace       used 414K, capacity 2526K, committed 2624K, reserved 4480K
}
Event: 23.403 GC heap before
{Heap before GC invocations=15 (full 2):
 def new generation   total 16064K, used 16064K [0x04800000, 0x05960000, 0x09d50000)
  eden space 14336K, 100% used [0x04800000, 0x05600000, 0x05600000)
  from space 1728K, 100% used [0x057b0000, 0x05960000, 0x05960000)
  to   space 1728K,   0% used [0x05600000, 0x05600000, 0x057b0000)
 tenured generation   total 35448K, used 33874K [0x09d50000, 0x0bfee000, 0x14800000)
   the space 35448K,  95% used [0x09d50000, 0x0be64a28, 0x0be64c00, 0x0bfee000)
 Metaspace       used 414K, capacity 2526K, committed 2624K, reserved 4480K
Event: 23.465 GC heap after
Heap after GC invocations=16 (full 3):
 def new generation   total 19968K, used 0K [0x04800000, 0x05da0000, 0x09d50000)
  eden space 17792K,   0% used [0x04800000, 0x04800000, 0x05960000)
  from space 2176K,   0% used [0x05960000, 0x05960000, 0x05b80000)
  to   space 2176K,   0% used [0x05b80000, 0x05b80000, 0x05da0000)
 tenured generation   total 44236K, used 26539K [0x09d50000, 0x0c883000, 0x14800000)
   the space 44236K,  59% used [0x09d50000, 0x0b73afc8, 0x0b73b000, 0x0c883000)
 Metaspace       used 414K, capacity 2526K, committed 2624K, reserved 4480K
}

