# JRE version: Java(TM) SE Runtime Environment (8.0_112-b15) (build 1.8.0_112-b15)
# Java VM: Java HotSpot(TM) Client VM (25.112-b15 mixed mode, sharing windows-x86 )
Heap:
 def new generation   total 21888K, used 11853K [0x04800000, 0x05fb0000, 0x09d50000)
  eden space 19520K,  60% used [0x04800000, 0x053934d0, 0x05b10000)
  from space 2368K,   0% used [0x05b10000, 0x05b10000, 0x05d60000)
  to   space 2368K,   0% used [0x05d60000, 0x05d60000, 0x05fb0000)
 tenured generation   total 48384K, used 29030K [0x09d50000, 0x0cc90000, 0x14800000)
   the space 48384K,  59% used [0x09d50000, 0x0b9a9980, 0x0b9a9a00, 0x0cc90000)
 Metaspace       used 433K, capacity 2526K, committed 2624K, reserved 4480K
GC Heap History (10 events):
Event: 15.467 GC heap before
{Heap before GC invocations=15 (full 2):
 def new generation   total 16640K, used 14848K [0x04800000, 0x05a00000, 0x09d50000)
  eden space 14848K, 100% used [0x04800000, 0x05680000, 0x05680000)
  from space 1792K,   0% used [0x05680000, 0x05680000, 0x05840000)
  to   space 1792K,   0% used [0x05840000, 0x05840000, 0x05a00000)
 tenured generation   total 36716K, used 22027K [0x09d50000, 0x0c12b000, 0x14800000)
   the space 36716K,  59% used [0x09d50000, 0x0b2d2d38, 0x0b2d2e00, 0x0c12b000)
 Metaspace       used 415K, capacity 2526K, committed 2624K, reserved 4480K
Event: 15.478 GC heap after
Heap after GC invocations=16 (full 2):
 def new generation   total 16640K, used 1792K [0x04800000, 0x05a00000, 0x09d50000)
  eden space 14848K,   0% used [0x04800000, 0x04800000, 0x05680000)
  from space 1792K, 100% used [0x05840000, 0x05a00000, 0x05a00000)
  to   space 1792K,   0% used [0x05680000, 0x05680000, 0x05840000)
 tenured generation   total 36716K, used 25180K [0x09d50000, 0x0c12b000, 0x14800000)
   the space 36716K,  68% used [0x09d50000, 0x0b5e72e0, 0x0b5e7400, 0x0c12b000)
 Metaspace       used 415K, capacity 2526K, committed 2624K, reserved 4480K
}
Event: 17.521 GC heap before
{Heap before GC invocations=16 (full 2):
 def new generation   total 16640K, used 16640K [0x04800000, 0x05a00000, 0x09d50000)
  eden space 14848K, 100% used [0x04800000, 0x05680000, 0x05680000)
  from space 1792K, 100% used [0x05840000, 0x05a00000, 0x05a00000)
  to   space 1792K,   0% used [0x05680000, 0x05680000, 0x05840000)
 tenured generation   total 36716K, used 25180K [0x09d50000, 0x0c12b000, 0x14800000)
   the space 36716K,  68% used [0x09d50000, 0x0b5e72e0, 0x0b5e7400, 0x0c12b000)
 Metaspace       used 420K, capacity 2526K, committed 2624K, reserved 4480K
Event: 17.532 GC heap after
Heap after GC invocations=17 (full 2):
 def new generation   total 16640K, used 1792K [0x04800000, 0x05a00000, 0x09d50000)
  eden space 14848K,   0% used [0x04800000, 0x04800000, 0x05680000)
  from space 1792K, 100% used [0x05680000, 0x05840000, 0x05840000)
  to   space 1792K,   0% used [0x05840000, 0x05840000, 0x05a00000)
 tenured generation   total 36716K, used 29462K [0x09d50000, 0x0c12b000, 0x14800000)
   the space 36716K,  80% used [0x09d50000, 0x0ba15a88, 0x0ba15c00, 0x0c12b000)
 Metaspace       used 420K, capacity 2526K, committed 2624K, reserved 4480K
}
Event: 19.240 GC heap before
{Heap before GC invocations=17 (full 2):
 def new generation   total 16640K, used 16640K [0x04800000, 0x05a00000, 0x09d50000)
  eden space 14848K, 100% used [0x04800000, 0x05680000, 0x05680000)
  from space 1792K, 100% used [0x05680000, 0x05840000, 0x05840000)
  to   space 1792K,   0% used [0x05840000, 0x05840000, 0x05a00000)
 tenured generation   total 36716K, used 29462K [0x09d50000, 0x0c12b000, 0x14800000)
   the space 36716K,  80% used [0x09d50000, 0x0ba15a88, 0x0ba15c00, 0x0c12b000)
 Metaspace       used 420K, capacity 2526K, committed 2624K, reserved 4480K
Event: 19.249 GC heap after
Heap after GC invocations=18 (full 2):
 def new generation   total 16640K, used 1792K [0x04800000, 0x05a00000, 0x09d50000)
  eden space 14848K,   0% used [0x04800000, 0x04800000, 0x05680000)
  from space 1792K, 100% used [0x05840000, 0x05a00000, 0x05a00000)
  to   space 1792K,   0% used [0x05680000, 0x05680000, 0x05840000)
 tenured generation   total 36716K, used 33054K [0x09d50000, 0x0c12b000, 0x14800000)
   the space 36716K,  90% used [0x09d50000, 0x0bd97810, 0x0bd97a00, 0x0c12b000)
 Metaspace       used 420K, capacity 2526K, committed 2624K, reserved 4480K
}
Event: 20.986 GC heap before
{Heap before GC invocations=18 (full 2):
 def new generation   total 16640K, used 16640K [0x04800000, 0x05a00000, 0x09d50000)
  eden space 14848K, 100% used [0x04800000, 0x05680000, 0x05680000)
  from space 1792K, 100% used [0x05840000, 0x05a00000, 0x05a00000)
  to   space 1792K,   0% used [0x05680000, 0x05680000, 0x05840000)
 tenured generation   total 36716K, used 33054K [0x09d50000, 0x0c12b000, 0x14800000)
   the space 36716K,  90% used [0x09d50000, 0x0bd97810, 0x0bd97a00, 0x0c12b000)
 Metaspace       used 420K, capacity 2526K, committed 2624K, reserved 4480K
Event: 20.994 GC heap after
Heap after GC invocations=19 (full 2):
 def new generation   total 16640K, used 1792K [0x04800000, 0x05a00000, 0x09d50000)
  eden space 14848K,   0% used [0x04800000, 0x04800000, 0x05680000)
  from space 1792K, 100% used [0x05680000, 0x05840000, 0x05840000)
  to   space 1792K,   0% used [0x05840000, 0x05840000, 0x05a00000)
 tenured generation   total 36716K, used 36657K [0x09d50000, 0x0c12b000, 0x14800000)
   the space 36716K,  99% used [0x09d50000, 0x0c11c4d8, 0x0c11c600, 0x0c12b000)
 Metaspace       used 420K, capacity 2526K, committed 2624K, reserved 4480K
}
Event: 24.721 GC heap before
{Heap before GC invocations=19 (full 2):
 def new generation   total 16640K, used 16640K [0x04800000, 0x05a00000, 0x09d50000)
  eden space 14848K, 100% used [0x04800000, 0x05680000, 0x05680000)
  from space 1792K, 100% used [0x05680000, 0x05840000, 0x05840000)
  to   space 1792K,   0% used [0x05840000, 0x05840000, 0x05a00000)
 tenured generation   total 36716K, used 36657K [0x09d50000, 0x0c12b000, 0x14800000)
   the space 36716K,  99% used [0x09d50000, 0x0c11c4d8, 0x0c11c600, 0x0c12b000)
 Metaspace       used 429K, capacity 2526K, committed 2624K, reserved 4480K
Event: 24.783 GC heap after
Heap after GC invocations=20 (full 3):
 def new generation   total 21888K, used 0K [0x04800000, 0x05fb0000, 0x09d50000)
  eden space 19520K,   0% used [0x04800000, 0x04800000, 0x05b10000)
  from space 2368K,   0% used [0x05b10000, 0x05b10000, 0x05d60000)
  to   space 2368K,   0% used [0x05d60000, 0x05d60000, 0x05fb0000)
 tenured generation   total 48384K, used 29030K [0x09d50000, 0x0cc90000, 0x14800000)
   the space 48384K,  59% used [0x09d50000, 0x0b9a9980, 0x0b9a9a00, 0x0cc90000)
 Metaspace       used 429K, capacity 2526K, committed 2624K, reserved 4480K
}

